This is pdfTeX, Version 3.141592653-2.6-1.40.25 (TeX Live 2023/Debian) (preloaded format=pdflatex 2025.2.6)  9 FEB 2025 01:51
entering extended mode
 restricted \write18 enabled.
 file:line:error style messages enabled.
 %&-line parsing enabled.
**/home/ayushraina/Desktop/CompilerDesign/Notes/report.tex
(/home/ayushraina/Desktop/CompilerDesign/Notes/report.tex
LaTeX2e <2023-11-01> patch level 1
L3 programming layer <2024-01-22>
(/usr/share/texlive/texmf-dist/tex/latex/base/article.cls
Document Class: article 2023/05/17 v1.4n Standard LaTeX document class
(/usr/share/texlive/texmf-dist/tex/latex/base/size10.clo
File: size10.clo 2023/05/17 v1.4n Standard LaTeX file (size option)
)
\c@part=\count187
\c@section=\count188
\c@subsection=\count189
\c@subsubsection=\count190
\c@paragraph=\count191
\c@subparagraph=\count192
\c@figure=\count193
\c@table=\count194
\abovecaptionskip=\skip48
\belowcaptionskip=\skip49
\bibindent=\dimen140
) (/usr/share/texlive/texmf-dist/tex/latex/base/inputenc.sty
Package: inputenc 2021/02/14 v1.3d Input encoding file
\inpenc@prehook=\toks17
\inpenc@posthook=\toks18
) (/usr/share/texlive/texmf-dist/tex/latex/amsmath/amsmath.sty
Package: amsmath 2023/05/13 v2.17o AMS math features
\@mathmargin=\skip50

For additional information on amsmath, use the `?' option.
(/usr/share/texlive/texmf-dist/tex/latex/amsmath/amstext.sty
Package: amstext 2021/08/26 v2.01 AMS text
 (/usr/share/texlive/texmf-dist/tex/latex/amsmath/amsgen.sty
File: amsgen.sty 1999/11/30 v2.0 generic functions
\@emptytoks=\toks19
\ex@=\dimen141
)) (/usr/share/texlive/texmf-dist/tex/latex/amsmath/amsbsy.sty
Package: amsbsy 1999/11/29 v1.2d Bold Symbols
\pmbraise@=\dimen142
) (/usr/share/texlive/texmf-dist/tex/latex/amsmath/amsopn.sty
Package: amsopn 2022/04/08 v2.04 operator names
)
\inf@bad=\count195
LaTeX Info: Redefining \frac on input line 234.
\uproot@=\count196
\leftroot@=\count197
LaTeX Info: Redefining \overline on input line 399.
LaTeX Info: Redefining \colon on input line 410.
\classnum@=\count198
\DOTSCASE@=\count199
LaTeX Info: Redefining \ldots on input line 496.
LaTeX Info: Redefining \dots on input line 499.
LaTeX Info: Redefining \cdots on input line 620.
\Mathstrutbox@=\box51
\strutbox@=\box52
LaTeX Info: Redefining \big on input line 722.
LaTeX Info: Redefining \Big on input line 723.
LaTeX Info: Redefining \bigg on input line 724.
LaTeX Info: Redefining \Bigg on input line 725.
\big@size=\dimen143
LaTeX Font Info:    Redeclaring font encoding OML on input line 743.
LaTeX Font Info:    Redeclaring font encoding OMS on input line 744.
\macc@depth=\count266
LaTeX Info: Redefining \bmod on input line 905.
LaTeX Info: Redefining \pmod on input line 910.
LaTeX Info: Redefining \smash on input line 940.
LaTeX Info: Redefining \relbar on input line 970.
LaTeX Info: Redefining \Relbar on input line 971.
\c@MaxMatrixCols=\count267
\dotsspace@=\muskip16
\c@parentequation=\count268
\dspbrk@lvl=\count269
\tag@help=\toks20
\row@=\count270
\column@=\count271
\maxfields@=\count272
\andhelp@=\toks21
\eqnshift@=\dimen144
\alignsep@=\dimen145
\tagshift@=\dimen146
\tagwidth@=\dimen147
\totwidth@=\dimen148
\lineht@=\dimen149
\@envbody=\toks22
\multlinegap=\skip51
\multlinetaggap=\skip52
\mathdisplay@stack=\toks23
LaTeX Info: Redefining \[ on input line 2953.
LaTeX Info: Redefining \] on input line 2954.
) (/usr/share/texlive/texmf-dist/tex/latex/amsfonts/amssymb.sty
Package: amssymb 2013/01/14 v3.01 AMS font symbols
 (/usr/share/texlive/texmf-dist/tex/latex/amsfonts/amsfonts.sty
Package: amsfonts 2013/01/14 v3.01 Basic AMSFonts support
\symAMSa=\mathgroup4
\symAMSb=\mathgroup5
LaTeX Font Info:    Redeclaring math symbol \hbar on input line 98.
LaTeX Font Info:    Overwriting math alphabet `\mathfrak' in version `bold'
(Font)                  U/euf/m/n --> U/euf/b/n on input line 106.
)) (/usr/share/texlive/texmf-dist/tex/latex/graphics/graphicx.sty
Package: graphicx 2021/09/16 v1.2d Enhanced LaTeX Graphics (DPC,SPQR)
 (/usr/share/texlive/texmf-dist/tex/latex/graphics/keyval.sty
Package: keyval 2022/05/29 v1.15 key=value parser (DPC)
\KV@toks@=\toks24
) (/usr/share/texlive/texmf-dist/tex/latex/graphics/graphics.sty
Package: graphics 2022/03/10 v1.4e Standard LaTeX Graphics (DPC,SPQR)
 (/usr/share/texlive/texmf-dist/tex/latex/graphics/trig.sty
Package: trig 2021/08/11 v1.11 sin cos tan (DPC)
) (/usr/share/texlive/texmf-dist/tex/latex/graphics-cfg/graphics.cfg
File: graphics.cfg 2016/06/04 v1.11 sample graphics configuration
)
Package graphics Info: Driver file: pdftex.def on input line 107.
 (/usr/share/texlive/texmf-dist/tex/latex/graphics-def/pdftex.def
File: pdftex.def 2022/09/22 v1.2b Graphics/color driver for pdftex
))
\Gin@req@height=\dimen150
\Gin@req@width=\dimen151
) (/usr/share/texlive/texmf-dist/tex/latex/xcolor/xcolor.sty
Package: xcolor 2023/11/15 v3.01 LaTeX color extensions (UK)
 (/usr/share/texlive/texmf-dist/tex/latex/graphics-cfg/color.cfg
File: color.cfg 2016/01/02 v1.6 sample color configuration
)
Package xcolor Info: Driver file: pdftex.def on input line 274.
 (/usr/share/texlive/texmf-dist/tex/latex/graphics/mathcolor.ltx)
Package xcolor Info: Model `cmy' substituted by `cmy0' on input line 1350.
Package xcolor Info: Model `hsb' substituted by `rgb' on input line 1354.
Package xcolor Info: Model `RGB' extended on input line 1366.
Package xcolor Info: Model `HTML' substituted by `rgb' on input line 1368.
Package xcolor Info: Model `Hsb' substituted by `hsb' on input line 1369.
Package xcolor Info: Model `tHsb' substituted by `hsb' on input line 1370.
Package xcolor Info: Model `HSB' substituted by `hsb' on input line 1371.
Package xcolor Info: Model `Gray' substituted by `gray' on input line 1372.
Package xcolor Info: Model `wave' substituted by `hsb' on input line 1373.
) (/usr/share/texlive/texmf-dist/tex/latex/hyperref/hyperref.sty
Package: hyperref 2024-01-20 v7.01h Hypertext links for LaTeX
 (/usr/share/texlive/texmf-dist/tex/generic/iftex/iftex.sty
Package: iftex 2022/02/03 v1.0f TeX engine tests
) (/usr/share/texlive/texmf-dist/tex/latex/kvsetkeys/kvsetkeys.sty
Package: kvsetkeys 2022-10-05 v1.19 Key value parser (HO)
) (/usr/share/texlive/texmf-dist/tex/generic/kvdefinekeys/kvdefinekeys.sty
Package: kvdefinekeys 2019-12-19 v1.6 Define keys (HO)
) (/usr/share/texlive/texmf-dist/tex/generic/pdfescape/pdfescape.sty
Package: pdfescape 2019/12/09 v1.15 Implements pdfTeX's escape features (HO)
 (/usr/share/texlive/texmf-dist/tex/generic/ltxcmds/ltxcmds.sty
Package: ltxcmds 2023-12-04 v1.26 LaTeX kernel commands for general use (HO)
) (/usr/share/texlive/texmf-dist/tex/generic/pdftexcmds/pdftexcmds.sty
Package: pdftexcmds 2020-06-27 v0.33 Utility functions of pdfTeX for LuaTeX (HO)
 (/usr/share/texlive/texmf-dist/tex/generic/infwarerr/infwarerr.sty
Package: infwarerr 2019/12/03 v1.5 Providing info/warning/error messages (HO)
)
Package pdftexcmds Info: \pdf@primitive is available.
Package pdftexcmds Info: \pdf@ifprimitive is available.
Package pdftexcmds Info: \pdfdraftmode found.
)) (/usr/share/texlive/texmf-dist/tex/latex/hycolor/hycolor.sty
Package: hycolor 2020-01-27 v1.10 Color options for hyperref/bookmark (HO)
) (/usr/share/texlive/texmf-dist/tex/latex/auxhook/auxhook.sty
Package: auxhook 2019-12-17 v1.6 Hooks for auxiliary files (HO)
) (/usr/share/texlive/texmf-dist/tex/latex/hyperref/nameref.sty
Package: nameref 2023-11-26 v2.56 Cross-referencing by name of section
 (/usr/share/texlive/texmf-dist/tex/latex/refcount/refcount.sty
Package: refcount 2019/12/15 v3.6 Data extraction from label references (HO)
) (/usr/share/texlive/texmf-dist/tex/generic/gettitlestring/gettitlestring.sty
Package: gettitlestring 2019/12/15 v1.6 Cleanup title references (HO)
 (/usr/share/texlive/texmf-dist/tex/latex/kvoptions/kvoptions.sty
Package: kvoptions 2022-06-15 v3.15 Key value format for package options (HO)
))
\c@section@level=\count273
) (/usr/share/texlive/texmf-dist/tex/latex/etoolbox/etoolbox.sty
Package: etoolbox 2020/10/05 v2.5k e-TeX tools for LaTeX (JAW)
\etb@tempcnta=\count274
)
\@linkdim=\dimen152
\Hy@linkcounter=\count275
\Hy@pagecounter=\count276
 (/usr/share/texlive/texmf-dist/tex/latex/hyperref/pd1enc.def
File: pd1enc.def 2024-01-20 v7.01h Hyperref: PDFDocEncoding definition (HO)
Now handling font encoding PD1 ...
... no UTF-8 mapping file for font encoding PD1
) (/usr/share/texlive/texmf-dist/tex/generic/intcalc/intcalc.sty
Package: intcalc 2019/12/15 v1.3 Expandable calculations with integers (HO)
)
\Hy@SavedSpaceFactor=\count277
 (/usr/share/texlive/texmf-dist/tex/latex/hyperref/puenc.def
File: puenc.def 2024-01-20 v7.01h Hyperref: PDF Unicode definition (HO)
Now handling font encoding PU ...
... no UTF-8 mapping file for font encoding PU
)
Package hyperref Info: Hyper figures OFF on input line 4179.
Package hyperref Info: Link nesting OFF on input line 4184.
Package hyperref Info: Hyper index ON on input line 4187.
Package hyperref Info: Plain pages OFF on input line 4194.
Package hyperref Info: Backreferencing OFF on input line 4199.
Package hyperref Info: Implicit mode ON; LaTeX internals redefined.
Package hyperref Info: Bookmarks ON on input line 4446.
\c@Hy@tempcnt=\count278
 (/usr/share/texlive/texmf-dist/tex/latex/url/url.sty
\Urlmuskip=\muskip17
Package: url 2013/09/16  ver 3.4  Verb mode for urls, etc.
)
LaTeX Info: Redefining \url on input line 4784.
\XeTeXLinkMargin=\dimen153
 (/usr/share/texlive/texmf-dist/tex/generic/bitset/bitset.sty
Package: bitset 2019/12/09 v1.3 Handle bit-vector datatype (HO)
 (/usr/share/texlive/texmf-dist/tex/generic/bigintcalc/bigintcalc.sty
Package: bigintcalc 2019/12/15 v1.5 Expandable calculations on big integers (HO)
))
\Fld@menulength=\count279
\Field@Width=\dimen154
\Fld@charsize=\dimen155
Package hyperref Info: Hyper figures OFF on input line 6063.
Package hyperref Info: Link nesting OFF on input line 6068.
Package hyperref Info: Hyper index ON on input line 6071.
Package hyperref Info: backreferencing OFF on input line 6078.
Package hyperref Info: Link coloring OFF on input line 6083.
Package hyperref Info: Link coloring with OCG OFF on input line 6088.
Package hyperref Info: PDF/A mode OFF on input line 6093.
 (/usr/share/texlive/texmf-dist/tex/latex/base/atbegshi-ltx.sty
Package: atbegshi-ltx 2021/01/10 v1.0c Emulation of the original atbegshi
package with kernel methods
)
\Hy@abspage=\count280
\c@Item=\count281
\c@Hfootnote=\count282
)
Package hyperref Info: Driver (autodetected): hpdftex.
 (/usr/share/texlive/texmf-dist/tex/latex/hyperref/hpdftex.def
File: hpdftex.def 2024-01-20 v7.01h Hyperref driver for pdfTeX
 (/usr/share/texlive/texmf-dist/tex/latex/base/atveryend-ltx.sty
Package: atveryend-ltx 2020/08/19 v1.0a Emulation of the original atveryend package
with kernel methods
)
\Fld@listcount=\count283
\c@bookmark@seq@number=\count284
 (/usr/share/texlive/texmf-dist/tex/latex/rerunfilecheck/rerunfilecheck.sty
Package: rerunfilecheck 2022-07-10 v1.10 Rerun checks for auxiliary files (HO)
 (/usr/share/texlive/texmf-dist/tex/generic/uniquecounter/uniquecounter.sty
Package: uniquecounter 2019/12/15 v1.4 Provide unlimited unique counter (HO)
)
Package uniquecounter Info: New unique counter `rerunfilecheck' on input line 285.
)
\Hy@SectionHShift=\skip53
) (/usr/share/texlive/texmf-dist/tex/latex/geometry/geometry.sty
Package: geometry 2020/01/02 v5.9 Page Geometry
 (/usr/share/texlive/texmf-dist/tex/generic/iftex/ifvtex.sty
Package: ifvtex 2019/10/25 v1.7 ifvtex legacy package. Use iftex instead.
)
\Gm@cnth=\count285
\Gm@cntv=\count286
\c@Gm@tempcnt=\count287
\Gm@bindingoffset=\dimen156
\Gm@wd@mp=\dimen157
\Gm@odd@mp=\dimen158
\Gm@even@mp=\dimen159
\Gm@layoutwidth=\dimen160
\Gm@layoutheight=\dimen161
\Gm@layouthoffset=\dimen162
\Gm@layoutvoffset=\dimen163
\Gm@dimlist=\toks25
) (/usr/share/texlive/texmf-dist/tex/latex/l3backend/l3backend-pdftex.def
File: l3backend-pdftex.def 2024-01-04 L3 backend support: PDF output (pdfTeX)
\l__color_backend_stack_int=\count288
\l__pdf_internal_box=\box53
) (./report.aux

LaTeX Warning: Label `fig:cfg' multiply defined.


LaTeX Warning: Label `fig:cfg' multiply defined.


LaTeX Warning: Label `fig:cfg' multiply defined.


LaTeX Warning: Label `fig:udChain' multiply defined.


LaTeX Warning: Label `fig:AvailableExpressions' multiply defined.


LaTeX Warning: Label `fig:AvailableExpressions' multiply defined.


LaTeX Warning: Label `fig:AvailableExpressions' multiply defined.


LaTeX Warning: Label `fig:DefUse' multiply defined.


LaTeX Warning: Label `fig:AnticipatedExpressions' multiply defined.


LaTeX Warning: Label `fig:AnticipatedExpressions' multiply defined.


LaTeX Warning: Label `fig:GlobalCSE' multiply defined.


LaTeX Warning: Label `fig:CopyPropagation' multiply defined.

)
\openout1 = `report.aux'.

LaTeX Font Info:    Checking defaults for OML/cmm/m/it on input line 15.
LaTeX Font Info:    ... okay on input line 15.
LaTeX Font Info:    Checking defaults for OMS/cmsy/m/n on input line 15.
LaTeX Font Info:    ... okay on input line 15.
LaTeX Font Info:    Checking defaults for OT1/cmr/m/n on input line 15.
LaTeX Font Info:    ... okay on input line 15.
LaTeX Font Info:    Checking defaults for T1/cmr/m/n on input line 15.
LaTeX Font Info:    ... okay on input line 15.
LaTeX Font Info:    Checking defaults for TS1/cmr/m/n on input line 15.
LaTeX Font Info:    ... okay on input line 15.
LaTeX Font Info:    Checking defaults for OMX/cmex/m/n on input line 15.
LaTeX Font Info:    ... okay on input line 15.
LaTeX Font Info:    Checking defaults for U/cmr/m/n on input line 15.
LaTeX Font Info:    ... okay on input line 15.
LaTeX Font Info:    Checking defaults for PD1/pdf/m/n on input line 15.
LaTeX Font Info:    ... okay on input line 15.
LaTeX Font Info:    Checking defaults for PU/pdf/m/n on input line 15.
LaTeX Font Info:    ... okay on input line 15.
 (/usr/share/texlive/texmf-dist/tex/context/base/mkii/supp-pdf.mkii
[Loading MPS to PDF converter (version 2006.09.02).]
\scratchcounter=\count289
\scratchdimen=\dimen164
\scratchbox=\box54
\nofMPsegments=\count290
\nofMParguments=\count291
\everyMPshowfont=\toks26
\MPscratchCnt=\count292
\MPscratchDim=\dimen165
\MPnumerator=\count293
\makeMPintoPDFobject=\count294
\everyMPtoPDFconversion=\toks27
) (/usr/share/texlive/texmf-dist/tex/latex/epstopdf-pkg/epstopdf-base.sty
Package: epstopdf-base 2020-01-24 v2.11 Base part for package epstopdf
Package epstopdf-base Info: Redefining graphics rule for `.eps' on input line 485.
 (/usr/share/texlive/texmf-dist/tex/latex/latexconfig/epstopdf-sys.cfg
File: epstopdf-sys.cfg 2010/07/13 v1.3 Configuration of (r)epstopdf for TeX Live
))
Package hyperref Info: Link coloring OFF on input line 15.
 (./report.out) (./report.out)
\@outlinefile=\write3
\openout3 = `report.out'.


*geometry* driver: auto-detecting
*geometry* detected driver: pdftex
*geometry* verbose mode - [ preamble ] result:
* driver: pdftex
* paper: a4paper
* layout: <same size as paper>
* layoutoffset:(h,v)=(0.0pt,0.0pt)
* modes: 
* h-part:(L,W,R)=(36.135pt, 525.23788pt, 36.135pt)
* v-part:(T,H,B)=(36.135pt, 772.77686pt, 36.135pt)
* \paperwidth=597.50787pt
* \paperheight=845.04684pt
* \textwidth=525.23788pt
* \textheight=772.77686pt
* \oddsidemargin=-36.135pt
* \evensidemargin=-36.135pt
* \topmargin=-73.135pt
* \headheight=12.0pt
* \headsep=25.0pt
* \topskip=10.0pt
* \footskip=30.0pt
* \marginparwidth=65.0pt
* \marginparsep=11.0pt
* \columnsep=10.0pt
* \skip\footins=9.0pt plus 4.0pt minus 2.0pt
* \hoffset=0.0pt
* \voffset=0.0pt
* \mag=1000
* \@twocolumnfalse
* \@twosidefalse
* \@mparswitchfalse
* \@reversemarginfalse
* (1in=72.27pt=25.4mm, 1cm=28.453pt)

LaTeX Font Info:    Trying to load font information for U+msa on input line 18.
(/usr/share/texlive/texmf-dist/tex/latex/amsfonts/umsa.fd
File: umsa.fd 2013/01/14 v3.01 AMS symbols A
)
LaTeX Font Info:    Trying to load font information for U+msb on input line 18.
 (/usr/share/texlive/texmf-dist/tex/latex/amsfonts/umsb.fd
File: umsb.fd 2013/01/14 v3.01 AMS symbols B
)
Overfull \hbox (9.72144pt too wide) in paragraph at lines 21--22
\OT1/cmr/m/n/10 Helps to un-der-stand struc-ture of Con-trol Flow Graph (CFG), To de-tect loops in the CFG, Dom-i-na-tor In-for-ma-tion,Dominator
 []

<Images/dfs1.png, id=4, 562.1pt x 569.12625pt>
File: Images/dfs1.png Graphic file (type png)
<use Images/dfs1.png>
Package pdftex.def Info: Images/dfs1.png  used on input line 57.
(pdftex.def)             Requested size: 262.61894pt x 265.90018pt.

LaTeX Warning: `h' float specifier changed to `ht'.

[1

{/var/lib/texmf/fonts/map/pdftex/updmap/pdftex.map}{/usr/share/texmf/fonts/enc/dvips/cm-super/cm-super-ts1.enc}]
<Images/reducible.png, id=33, 795.97375pt x 662.475pt>
File: Images/reducible.png Graphic file (type png)
<use Images/reducible.png>
Package pdftex.def Info: Images/reducible.png  used on input line 75.
(pdftex.def)             Requested size: 210.09193pt x 174.84744pt.
<Images/irreducible.png, id=34, 769.87625pt x 256.96pt>
File: Images/irreducible.png Graphic file (type png)
<use Images/irreducible.png>
Package pdftex.def Info: Images/irreducible.png  used on input line 76.
(pdftex.def)             Requested size: 210.09193pt x 70.12117pt.
<Images/transform.png, id=35, 506.89375pt x 348.30125pt>
File: Images/transform.png Graphic file (type png)
<use Images/transform.png>
Package pdftex.def Info: Images/transform.png  used on input line 88.
(pdftex.def)             Requested size: 210.09193pt x 144.35631pt.


LaTeX Warning: `h' float specifier changed to `ht'.

[2 <./Images/dfs1.png> <./Images/reducible.png> <./Images/irreducible.png>]
<Images/preheader.png, id=47, 804.00375pt x 435.6275pt>
File: Images/preheader.png Graphic file (type png)
<use Images/preheader.png>
Package pdftex.def Info: Images/preheader.png  used on input line 98.
(pdftex.def)             Requested size: 210.09193pt x 113.83212pt.
 [3 <./Images/transform.png> <./Images/preheader.png>]
Underfull \hbox (badness 10000) in paragraph at lines 110--118

 []


Underfull \hbox (badness 10000) in paragraph at lines 110--118

 []

<Images/reducible2.png, id=58, 1003.75pt x 752.8125pt>
File: Images/reducible2.png Graphic file (type png)
<use Images/reducible2.png>
Package pdftex.def Info: Images/reducible2.png  used on input line 126.
(pdftex.def)             Requested size: 367.6649pt x 275.75641pt.

Underfull \hbox (badness 10000) in paragraph at lines 140--143

 []

<Images/nodeSplit.png, id=59, 1079.03125pt x 745.78625pt>
File: Images/nodeSplit.png Graphic file (type png)
<use Images/nodeSplit.png>
Package pdftex.def Info: Images/nodeSplit.png  used on input line 146.
(pdftex.def)             Requested size: 367.6649pt x 254.12158pt.

Underfull \hbox (badness 10000) in paragraph at lines 152--154

 []

[4 <./Images/reducible2.png>]
<Images/t1t2.png, id=70, 907.39pt x 684.5575pt>
File: Images/t1t2.png Graphic file (type png)
<use Images/t1t2.png>
Package pdftex.def Info: Images/t1t2.png  used on input line 159.
(pdftex.def)             Requested size: 367.6649pt x 277.36961pt.
 [5 <./Images/nodeSplit.png> <./Images/t1t2.png>]
<Images/region.png, id=81, 907.39pt x 684.5575pt>
File: Images/region.png Graphic file (type png)
<use Images/region.png>
Package pdftex.def Info: Images/region.png  used on input line 172.
(pdftex.def)             Requested size: 367.6649pt x 277.36961pt.
 [6 <./Images/region.png>]
Underfull \hbox (badness 10000) in paragraph at lines 182--185

 []


Underfull \hbox (badness 10000) in paragraph at lines 187--190

 []


Underfull \hbox (badness 10000) in paragraph at lines 192--197

 []


Underfull \hbox (badness 10000) in paragraph at lines 198--204

 []


Underfull \hbox (badness 10000) in paragraph at lines 206--207

 []


Underfull \hbox (badness 10000) in paragraph at lines 208--211

 []

<Images/reaching1.png, id=89, 907.39pt x 684.5575pt>
File: Images/reaching1.png Graphic file (type png)
<use Images/reaching1.png>
Package pdftex.def Info: Images/reaching1.png  used on input line 216.
(pdftex.def)             Requested size: 210.09193pt x 158.4999pt.
<Images/reaching2.png, id=90, 907.39pt x 684.5575pt>
File: Images/reaching2.png Graphic file (type png)
<use Images/reaching2.png>
Package pdftex.def Info: Images/reaching2.png  used on input line 217.
(pdftex.def)             Requested size: 210.09193pt x 158.4999pt.
<Images/reaching3.png, id=91, 907.39pt x 684.5575pt>
File: Images/reaching3.png Graphic file (type png)
<use Images/reaching3.png>
Package pdftex.def Info: Images/reaching3.png  used on input line 218.
(pdftex.def)             Requested size: 210.09193pt x 158.4999pt.

LaTeX Warning: `h' float specifier changed to `ht'.

[7]
Underfull \hbox (badness 10000) in paragraph at lines 225--226

 []


Underfull \hbox (badness 10000) in paragraph at lines 228--230

 []


Underfull \hbox (badness 10000) in paragraph at lines 235--236

 []

<Images/bitVector.png, id=101, 907.39pt x 684.5575pt>
File: Images/bitVector.png Graphic file (type png)
<use Images/bitVector.png>
Package pdftex.def Info: Images/bitVector.png  used on input line 239.
(pdftex.def)             Requested size: 210.09193pt x 158.4999pt.

Underfull \hbox (badness 10000) in paragraph at lines 244--246

 []

[8 <./Images/reaching1.png> <./Images/reaching2.png> <./Images/reaching3.png> <./Images/bitvector.png>]
<Images/udchain.png, id=113, 907.39pt x 684.5575pt>
File: Images/udchain.png Graphic file (type png)
<use Images/udchain.png>
Package pdftex.def Info: Images/udchain.png  used on input line 249.
(pdftex.def)             Requested size: 210.09193pt x 158.4999pt.
<Images/udchain2.png, id=114, 940.51375pt x 494.84875pt>
File: Images/udchain2.png Graphic file (type png)
<use Images/udchain2.png>
Package pdftex.def Info: Images/udchain2.png  used on input line 259.
(pdftex.def)             Requested size: 315.14594pt x 165.815pt.

Underfull \hbox (badness 10000) in paragraph at lines 265--267

 []

<Images/available1.png, id=115, 932.48375pt x 424.58624pt>
File: Images/available1.png Graphic file (type png)
<use Images/available1.png>
Package pdftex.def Info: Images/available1.png  used on input line 270.
(pdftex.def)             Requested size: 157.57297pt x 71.74463pt.

Underfull \hbox (badness 10000) in paragraph at lines 275--276

 []

[9 <./Images/udchain.png> <./Images/udchain2.png> <./Images/available1.png>]
Underfull \hbox (badness 10000) in paragraph at lines 277--278

 []


Underfull \hbox (badness 10000) in paragraph at lines 280--285

 []

<Images/egen.png, id=129, 710.655pt x 231.86626pt>
File: Images/egen.png Graphic file (type png)
<use Images/egen.png>
Package pdftex.def Info: Images/egen.png  used on input line 292.
(pdftex.def)             Requested size: 210.09193pt x 68.545pt.
<Images/ekill.png, id=130, 710.655pt x 231.86626pt>
File: Images/ekill.png Graphic file (type png)
<use Images/ekill.png>
Package pdftex.def Info: Images/ekill.png  used on input line 293.
(pdftex.def)             Requested size: 210.09193pt x 68.545pt.

Underfull \hbox (badness 10000) in paragraph at lines 299--300

 []


Underfull \hbox (badness 10000) in paragraph at lines 302--305

 []


Underfull \hbox (badness 10000) in paragraph at lines 311--314

 []


Underfull \hbox (badness 10000) in paragraph at lines 320--321

 []


Underfull \hbox (badness 10000) in paragraph at lines 323--324

 []

[10 <./Images/egen.png> <./Images/ekill.png>]
<Images/phi.png, id=143, 987.69pt x 749.80125pt>
File: Images/phi.png Graphic file (type png)
<use Images/phi.png>
Package pdftex.def Info: Images/phi.png  used on input line 328.
(pdftex.def)             Requested size: 367.6649pt x 279.10394pt.
<Images/example.png, id=144, 1236.62pt x 763.85374pt>
File: Images/example.png Graphic file (type png)
<use Images/example.png>
Package pdftex.def Info: Images/example.png  used on input line 335.
(pdftex.def)             Requested size: 367.6649pt x 227.10652pt.

Underfull \hbox (badness 10000) in paragraph at lines 340--341

 []


Underfull \hbox (badness 10000) in paragraph at lines 343--344

 []


Underfull \hbox (badness 10000) in paragraph at lines 346--347

 []

[11 <./Images/phi.png> <./Images/example.png>]
Underfull \hbox (badness 10000) in paragraph at lines 349--352

 []

<Images/live.png, id=155, 826.08624pt x 725.71124pt>
File: Images/live.png Graphic file (type png)
<use Images/live.png>
Package pdftex.def Info: Images/live.png  used on input line 355.
(pdftex.def)             Requested size: 157.57297pt x 138.41809pt.

Underfull \hbox (badness 10000) in paragraph at lines 360--361

 []


Underfull \hbox (badness 10000) in paragraph at lines 366--367

 []


Underfull \hbox (badness 10000) in paragraph at lines 368--373

 []

<Images/duchain.png, id=156, 1009.7725pt x 687.56876pt>
File: Images/duchain.png Graphic file (type png)
<use Images/duchain.png>
Package pdftex.def Info: Images/duchain.png  used on input line 376.
(pdftex.def)             Requested size: 157.57297pt x 107.28546pt.

Underfull \hbox (badness 10000) in paragraph at lines 381--382

 []

<Images/duchain2.png, id=157, 1009.7725pt x 687.56876pt>
File: Images/duchain2.png Graphic file (type png)
<use Images/duchain2.png>
Package pdftex.def Info: Images/duchain2.png  used on input line 387.
(pdftex.def)             Requested size: 367.6649pt x 250.34676pt.
[12 <./Images/live.png> <./Images/duchain.png>]
<Images/hoisting.png, id=169, 907.39pt x 320.19624pt>
File: Images/hoisting.png Graphic file (type png)
<use Images/hoisting.png>
Package pdftex.def Info: Images/hoisting.png  used on input line 397.
(pdftex.def)             Requested size: 446.4554pt x 157.54245pt.

Underfull \hbox (badness 10000) in paragraph at lines 402--403

 []


Underfull \hbox (badness 10000) in paragraph at lines 404--407

 []


Underfull \hbox (badness 10000) in paragraph at lines 409--412

 []

<Images/anticipated.png, id=170, 977.6525pt x 733.74126pt>
File: Images/anticipated.png Graphic file (type png)
<use Images/anticipated.png>
Package pdftex.def Info: Images/anticipated.png  used on input line 415.
(pdftex.def)             Requested size: 315.14594pt x 236.52618pt.

LaTeX Warning: `h' float specifier changed to `ht'.

[13 <./Images/duchain2.png> <./Images/hoisting.png>]
<Images/summary1.png, id=184, 932.48375pt x 570.13pt>
File: Images/summary1.png Graphic file (type png)
<use Images/summary1.png>
Package pdftex.def Info: Images/summary1.png  used on input line 423.
(pdftex.def)             Requested size: 236.35544pt x 144.50693pt.
<Images/summary2.png, id=185, 1007.765pt x 630.355pt>
File: Images/summary2.png Graphic file (type png)
<use Images/summary2.png>
Package pdftex.def Info: Images/summary2.png  used on input line 424.
(pdftex.def)             Requested size: 236.35544pt x 147.83527pt.
<Images/summary3.png, id=186, 1007.765pt x 630.355pt>
File: Images/summary3.png Graphic file (type png)
<use Images/summary3.png>
Package pdftex.def Info: Images/summary3.png  used on input line 425.
(pdftex.def)             Requested size: 236.35544pt x 147.83527pt.
<Images/summary4.png, id=187, 1056.94875pt x 644.4075pt>
File: Images/summary4.png Graphic file (type png)
<use Images/summary4.png>
Package pdftex.def Info: Images/summary4.png  used on input line 426.
(pdftex.def)             Requested size: 236.35544pt x 144.10046pt.
 [14 <./Images/anticipated.png> <./Images/summary1.png> <./Images/summary2.png> <./Images/summary3.png> <./Images/summary4.png>]
<Images/GCSE.png, id=199, 765.86125pt x 245.91875pt>
File: Images/GCSE.png Graphic file (type png)
<use Images/GCSE.png>
Package pdftex.def Info: Images/GCSE.png  used on input line 448.
(pdftex.def)             Requested size: 315.14594pt x 101.19507pt.
<Images/GCSE2.png, id=200, 778.91pt x 606.265pt>
File: Images/GCSE2.png Graphic file (type png)
<use Images/GCSE2.png>
Package pdftex.def Info: Images/GCSE2.png  used on input line 455.
(pdftex.def)             Requested size: 236.35544pt x 183.96234pt.
<Images/GCSE3.png, id=201, 778.91pt x 606.265pt>
File: Images/GCSE3.png Graphic file (type png)
<use Images/GCSE3.png>
Package pdftex.def Info: Images/GCSE3.png  used on input line 456.
(pdftex.def)             Requested size: 236.35544pt x 183.96234pt.

Underfull \hbox (badness 10000) in paragraph at lines 461--462

 []


Underfull \hbox (badness 10000) in paragraph at lines 464--467

 []


Underfull \hbox (badness 10000) in paragraph at lines 468--469

 []

<Images/CP.jpeg, id=202, 1738.495pt x 1246.6575pt>
File: Images/CP.jpeg Graphic file (type jpg)
<use Images/CP.jpeg>
Package pdftex.def Info: Images/CP.jpeg  used on input line 472.
(pdftex.def)             Requested size: 262.61894pt x 188.32213pt.

LaTeX Warning: `h' float specifier changed to `ht'.

[15 <./Images/GCSE.png> <./Images/GCSE2.png> <./Images/GCSE3.png>]
Underfull \hbox (badness 10000) in paragraph at lines 479--480

 []


Underfull \hbox (badness 10000) in paragraph at lines 481--487

 []


Underfull \hbox (badness 10000) in paragraph at lines 489--493

 []

<Images/CP2.png, id=215, 871.255pt x 492.84125pt>
File: Images/CP2.png Graphic file (type png)
<use Images/CP2.png>
Package pdftex.def Info: Images/CP2.png  used on input line 498.
(pdftex.def)             Requested size: 315.14594pt x 178.26495pt.
[16 <./Images/CP.jpeg> <./Images/CP2.png>] (./report.aux)
 ***********
LaTeX2e <2023-11-01> patch level 1
L3 programming layer <2024-01-22>
 ***********


LaTeX Warning: There were multiply-defined labels.

Package rerunfilecheck Info: File `report.out' has not changed.
(rerunfilecheck)             Checksum: D41D8CD98F00B204E9800998ECF8427E;0.
 ) 
Here is how much of TeX's memory you used:
 10865 strings out of 474222
 165809 string characters out of 5748734
 1940975 words of memory out of 5000000
 32905 multiletter control sequences out of 15000+600000
 566267 words of font info for 68 fonts, out of 8000000 for 9000
 1141 hyphenation exceptions out of 8191
 75i,8n,79p,521b,470s stack positions out of 10000i,1000n,20000p,200000b,200000s
</usr/share/texlive/texmf-dist/fonts/type1/public/amsfonts/cm/cmbx10.pfb></usr/share/texlive/texmf-dist/fonts/type1/public/amsfonts/cm/cmbx12.pfb></usr/share/texlive/texmf-dist/fonts/type1/public/amsfonts/cm/cmex10.pfb></usr/share/texlive/texmf-dist/fonts/type1/public/amsfonts/cm/cmmi10.pfb></usr/share/texlive/texmf-dist/fonts/type1/public/amsfonts/cm/cmmi12.pfb></usr/share/texlive/texmf-dist/fonts/type1/public/amsfonts/cm/cmmi7.pfb></usr/share/texlive/texmf-dist/fonts/type1/public/amsfonts/cm/cmr10.pfb></usr/share/texlive/texmf-dist/fonts/type1/public/amsfonts/cm/cmr12.pfb></usr/share/texlive/texmf-dist/fonts/type1/public/amsfonts/cm/cmr17.pfb></usr/share/texlive/texmf-dist/fonts/type1/public/amsfonts/cm/cmr7.pfb></usr/share/texlive/texmf-dist/fonts/type1/public/amsfonts/cm/cmsy10.pfb></usr/share/texlive/texmf-dist/fonts/type1/public/amsfonts/cm/cmsy7.pfb></usr/share/texmf/fonts/type1/public/cm-super/sfrm1000.pfb>
Output written on report.pdf (16 pages, 2653610 bytes).
PDF statistics:
 302 PDF objects out of 1000 (max. 8388607)
 189 compressed objects within 2 object streams
 89 named destinations out of 1000 (max. 500000)
 171 words of extra memory for PDF output out of 10000 (max. 10000000)

